  triangle.c
F:\My3drenderer\renderer\renderer\triangle.c(74,13): warning C4244: 'function': conversion from 'float' to 'int', possible loss of data
F:\My3drenderer\renderer\renderer\triangle.c(74,25): warning C4244: 'function': conversion from 'float' to 'int', possible loss of data
F:\My3drenderer\renderer\renderer\triangle.c(68,18): warning C4244: 'initializing': conversion from 'int' to 'float', possible loss of data
F:\My3drenderer\renderer\renderer\triangle.c(69,16): warning C4244: 'initializing': conversion from 'int' to 'float', possible loss of data
F:\My3drenderer\renderer\renderer\triangle.c(106,13): warning C4244: 'function': conversion from 'float' to 'int', possible loss of data
F:\My3drenderer\renderer\renderer\triangle.c(106,25): warning C4244: 'function': conversion from 'float' to 'int', possible loss of data
F:\My3drenderer\renderer\renderer\triangle.c(100,18): warning C4244: 'initializing': conversion from 'int' to 'float', possible loss of data
F:\My3drenderer\renderer\renderer\triangle.c(101,16): warning C4244: 'initializing': conversion from 'int' to 'float', possible loss of data
F:\My3drenderer\renderer\renderer\triangle.c(133,15): warning C4244: 'initializing': conversion from 'int' to 'float', possible loss of data
F:\My3drenderer\renderer\renderer\triangle.c(133,18): warning C4244: 'initializing': conversion from 'int' to 'float', possible loss of data
F:\My3drenderer\renderer\renderer\triangle.c(301,11): warning C4244: '=': conversion from 'double' to 'float', possible loss of data
F:\My3drenderer\renderer\renderer\triangle.c(302,11): warning C4244: '=': conversion from 'double' to 'float', possible loss of data
F:\My3drenderer\renderer\renderer\triangle.c(303,11): warning C4244: '=': conversion from 'double' to 'float', possible loss of data
F:\My3drenderer\renderer\renderer\triangle.c(308,22): warning C4244: 'initializing': conversion from 'int' to 'float', possible loss of data
F:\My3drenderer\renderer\renderer\triangle.c(308,26): warning C4244: 'initializing': conversion from 'int' to 'float', possible loss of data
F:\My3drenderer\renderer\renderer\triangle.c(309,22): warning C4244: 'initializing': conversion from 'int' to 'float', possible loss of data
F:\My3drenderer\renderer\renderer\triangle.c(309,26): warning C4244: 'initializing': conversion from 'int' to 'float', possible loss of data
F:\My3drenderer\renderer\renderer\triangle.c(310,22): warning C4244: 'initializing': conversion from 'int' to 'float', possible loss of data
F:\My3drenderer\renderer\renderer\triangle.c(310,26): warning C4244: 'initializing': conversion from 'int' to 'float', possible loss of data
F:\My3drenderer\renderer\renderer\triangle.c(331,21): warning C4244: 'initializing': conversion from 'float' to 'int', possible loss of data
F:\My3drenderer\renderer\renderer\triangle.c(332,19): warning C4244: 'initializing': conversion from 'float' to 'int', possible loss of data
F:\My3drenderer\renderer\renderer\triangle.c(363,21): warning C4244: 'initializing': conversion from 'float' to 'int', possible loss of data
F:\My3drenderer\renderer\renderer\triangle.c(364,19): warning C4244: 'initializing': conversion from 'float' to 'int', possible loss of data
  renderer.vcxproj -> F:\My3drenderer\renderer\x64\Debug\renderer.exe
